#-----------------------------------------------------------
# Vivado v2020.2 (64-bit)
# SW Build 3064766 on Wed Nov 18 09:12:45 MST 2020
# IP Build 3064653 on Wed Nov 18 14:17:31 MST 2020
# Start of session at: Mon Apr 18 21:49:34 2022
# Process ID: 16708
# Current directory: E:/OneDrive - UNSW/Computer Engineering/COMP3211/vivado projects/project/vote-counter/vivado project
# Command line: vivado.exe -gui_launcher_event rodinguilauncherevent27228 E:\OneDrive - UNSW\Computer Engineering\COMP3211\vivado projects\project\vote-counter\vivado project\group_project.xpr
# Log file: E:/OneDrive - UNSW/Computer Engineering/COMP3211/vivado projects/project/vote-counter/vivado project/vivado.log
# Journal file: E:/OneDrive - UNSW/Computer Engineering/COMP3211/vivado projects/project/vote-counter/vivado project\vivado.jou
#-----------------------------------------------------------
start_gui
open_project {E:/OneDrive - UNSW/Computer Engineering/COMP3211/vivado projects/project/vote-counter/vivado project/group_project.xpr}
INFO: [ProjectBase 1-489] The host OS only allows 260 characters in a normal path. The project is stored in a path with more than 80 characters. If you experience issues with IP, Block Designs, or files not being found, please consider moving the project to a location with a shorter path. Alternately consider using the OS subst command to map part of the path to a drive letter.
Current project path is 'E:/OneDrive - UNSW/Computer Engineering/COMP3211/vivado projects/project/vote-counter/vivado project'
INFO: [Project 1-313] Project file moved from 'E:/OneDrive - UNSW/Computer Engineering/COMP3211/vivado projects/project/group_project' since last save.
WARNING: [filemgmt 56-2] Default IP Output Path : Could not find the directory 'E:/OneDrive - UNSW/Computer Engineering/COMP3211/vivado projects/project/vote-counter/vivado project/group_project.gen/sources_1', nor could it be found using path 'E:/OneDrive - UNSW/Computer Engineering/COMP3211/vivado projects/project/group_project/group_project.gen/sources_1'.
Scanning sources...
Finished scanning sources
INFO: [IP_Flow 19-234] Refreshing IP repositories
INFO: [IP_Flow 19-1704] No user IP repositories specified
INFO: [IP_Flow 19-2313] Loaded Vivado IP repository 'D:/Xilinx/Vivado/2020.2/data/ip'.
import_files -norecurse {{E:/OneDrive - UNSW/Computer Engineering/COMP3211/vivado projects/project/vote-counter/testbench/full_TB.vhd}}
exit
INFO: [Common 17-206] Exiting Vivado at Mon Apr 18 22:00:00 2022...
