Copyright 1986-2020 Xilinx, Inc. All Rights Reserved.
--------------------------------------------------------------------------------------------------------------------------------------------------------------------------
| Tool Version : Vivado v.2020.2 (win64) Build 3064766 Wed Nov 18 09:12:45 MST 2020
| Date         : Wed Apr 20 21:22:29 2022
| Host         : DESKTOP-6CAVDAS running 64-bit major release  (build 9200)
| Command      : report_methodology -file mux_2to1_16b_methodology_drc_routed.rpt -pb mux_2to1_16b_methodology_drc_routed.pb -rpx mux_2to1_16b_methodology_drc_routed.rpx
| Design       : mux_2to1_16b
| Device       : xc7a100tftg256-3
| Speed File   : -3
| Design State : Fully Routed
--------------------------------------------------------------------------------------------------------------------------------------------------------------------------

Report Methodology

Table of Contents
-----------------
1. REPORT SUMMARY
2. REPORT DETAILS

1. REPORT SUMMARY
-----------------
            Netlist: netlist
          Floorplan: design_1
      Design limits: <entire design considered>
             Max violations: <unlimited>
             Violations found: 0
+------+----------+-------------+------------+
| Rule | Severity | Description | Violations |
+------+----------+-------------+------------+
+------+----------+-------------+------------+

2. REPORT DETAILS
-----------------

