Vivado Simulator 2020.2
Copyright 1986-1999, 2001-2020 Xilinx, Inc. All Rights Reserved.
Running: D:/Xilinx/Vivado/2020.2/bin/unwrapped/win64.o/xelab.exe -wto c7549dd6045449b08a788e30ecda1b88 --incr --debug typical --relax --mt 2 -L xil_defaultlib -L secureip --snapshot full_TB_behav xil_defaultlib.full_TB -log elaborate.log 
Using 2 slave threads.
Starting static elaboration
Completed static elaboration
Starting simulation data flow analysis
Completed simulation data flow analysis
Time Resolution for simulation is 1ps
Compiling package std.standard
Compiling package std.textio
Compiling package ieee.std_logic_1164
Compiling package ieee.math_real
Compiling package ieee.std_logic_arith
Compiling package ieee.numeric_std
Compiling package ieee.std_logic_textio
Compiling package ieee.std_logic_unsigned
Compiling architecture behavioral of entity xil_defaultlib.program_counter [program_counter_default]
Compiling architecture behavioural of entity xil_defaultlib.control_unit [control_unit_default]
Compiling architecture behavioral of entity xil_defaultlib.regnld [\regnld(n=25)\]
Compiling architecture behavior of entity xil_defaultlib.regn [\regn(n=32)\]
Compiling architecture behavior of entity xil_defaultlib.regn [\regn(n=8)\]
Compiling architecture behavior of entity xil_defaultlib.regn [\regn(n=66)\]
Compiling architecture behavioural of entity xil_defaultlib.swap [swap_default]
Compiling architecture behavior of entity xil_defaultlib.regn [\regn(n=98)\]
Compiling architecture behavioural of entity xil_defaultlib.rol_8b [rol_8b_default]
Compiling architecture behavior of entity xil_defaultlib.regn [\regn(n=73)\]
Compiling architecture behavioural of entity xil_defaultlib.xor_tag [xor_tag_default]
Compiling architecture behavioural of entity xil_defaultlib.comparator [comparator_default]
Compiling architecture behavioral of entity xil_defaultlib.addr_unit [addr_unit_default]
Compiling architecture behavior of entity xil_defaultlib.regn [\regn(n=54)\]
Compiling architecture behavioral of entity xil_defaultlib.data_memory [data_memory_default]
Compiling architecture behavioral of entity xil_defaultlib.pipeline_vote_counter_core [pipeline_vote_counter_core_defau...]
Compiling architecture behavioral of entity xil_defaultlib.full_tb
Built simulation snapshot full_TB_behav
